This file contains any messages produced by compilers while
running configure, to aid debugging if configure makes a mistake.

It was created by configure, which was
generated by GNU Autoconf 2.53.  Invocation command line was

  $ ./configure 

## --------- ##
## Platform. ##
## --------- ##

hostname = firenice2
uname -m = x86_64
uname -r = 2.6.22-gentoo-r2-macbook-core-duo
uname -s = Linux
uname -v = #10 SMP PREEMPT Fri Nov 16 15:44:14 GMT 2007

/usr/bin/uname -p = Intel(R) Core(TM)2 CPU T7400 @ 2.16GHz
/bin/uname -X     = unknown

/bin/arch              = x86_64
/usr/bin/arch -k       = x86_64
/usr/convex/getsysinfo = unknown
hostinfo               = unknown
/bin/machine           = unknown
/usr/bin/oslevel       = unknown
/bin/universe          = unknown

PATH: /usr/kde/3.5/bin
PATH: /usr/local/bin
PATH: /usr/bin
PATH: /bin
PATH: /opt/bin
PATH: /usr/x86_64-pc-linux-gnu/gcc-bin/4.1.2
PATH: /opt/ICAClient
PATH: /opt/blackdown-jdk-1.4.2.03/bin
PATH: /opt/blackdown-jdk-1.4.2.03/jre/bin
PATH: /usr/kde/3.5/bin
PATH: /usr/qt/3/bin
PATH: /usr/games/bin
PATH: /opt/vmware/server/bin
PATH: /opt/vmware/server/console/bin


## ----------- ##
## Core tests. ##
## ----------- ##

configure:1231: checking for gcc
configure:1247: found /usr/bin/gcc
configure:1257: result: gcc
configure:1501: checking for C compiler version
configure:1504: gcc --version </dev/null >&5
gcc (GCC) 4.1.2 (Gentoo 4.1.2 p1.0.1)
Copyright (C) 2006 Free Software Foundation, Inc.
This is free software; see the source for copying conditions.  There is NO
warranty; not even for MERCHANTABILITY or FITNESS FOR A PARTICULAR PURPOSE.

configure:1507: $? = 0
configure:1509: gcc -v </dev/null >&5
Using built-in specs.
Target: x86_64-pc-linux-gnu
Configured with: /var/tmp/portage/sys-devel/gcc-4.1.2/work/gcc-4.1.2/configure --prefix=/usr --bindir=/usr/x86_64-pc-linux-gnu/gcc-bin/4.1.2 --includedir=/usr/lib/gcc/x86_64-pc-linux-gnu/4.1.2/include --datadir=/usr/share/gcc-data/x86_64-pc-linux-gnu/4.1.2 --mandir=/usr/share/gcc-data/x86_64-pc-linux-gnu/4.1.2/man --infodir=/usr/share/gcc-data/x86_64-pc-linux-gnu/4.1.2/info --with-gxx-include-dir=/usr/lib/gcc/x86_64-pc-linux-gnu/4.1.2/include/g++-v4 --host=x86_64-pc-linux-gnu --build=x86_64-pc-linux-gnu --disable-altivec --enable-nls --without-included-gettext --with-system-zlib --disable-checking --disable-werror --enable-secureplt --disable-libunwind-exceptions --enable-multilib --enable-libmudflap --disable-libssp --disable-libgcj --enable-languages=c,c++,fortran --enable-shared --enable-threads=posix --enable-__cxa_atexit --enable-clocale=gnu
Thread model: posix
gcc version 4.1.2 (Gentoo 4.1.2 p1.0.1)
configure:1512: $? = 0
configure:1514: gcc -V </dev/null >&5
gcc: '-V' option must have argument
configure:1517: $? = 1
configure:1543: checking for C compiler default output
configure:1546: gcc    conftest.c  >&5
configure:1549: $? = 0
configure:1582: result: a.out
configure:1587: checking whether the C compiler works
configure:1593: ./a.out
configure:1596: $? = 0
configure:1611: result: yes
configure:1618: checking whether we are cross compiling
configure:1620: result: no
configure:1623: checking for suffix of executables
configure:1625: gcc -o conftest    conftest.c  >&5
configure:1628: $? = 0
configure:1650: result: 
configure:1656: checking for suffix of object files
configure:1680: gcc -c   conftest.c >&5
configure:1683: $? = 0
configure:1702: result: o
configure:1706: checking whether we are using the GNU C compiler
configure:1733: gcc -c   conftest.c >&5
configure:1736: $? = 0
configure:1739: test -s conftest.o
configure:1742: $? = 0
configure:1754: result: yes
configure:1760: checking whether gcc accepts -g
configure:1784: gcc -c -g  conftest.c >&5
configure:1787: $? = 0
configure:1790: test -s conftest.o
configure:1793: $? = 0
configure:1803: result: yes
configure:1830: gcc -c -g -O2  conftest.c >&5
conftest.c:2: error: expected '=', ',', ';', 'asm' or '__attribute__' before 'me'
configure:1833: $? = 1
configure: failed program was:
#ifndef __cplusplus
  choke me
#endif
configure:1980: checking for a BSD-compatible install
configure:2034: result: /usr/bin/install -c
configure:2048: checking for socket in -lxnet
configure:2081: gcc -o conftest -g -O2   conftest.c -lxnet   >&5
/usr/lib/gcc/x86_64-pc-linux-gnu/4.1.2/../../../../x86_64-pc-linux-gnu/bin/ld: cannot find -lxnet
collect2: ld returned 1 exit status
configure:2084: $? = 1
configure: failed program was:
#line 2055 "configure"
#include "confdefs.h"

/* Override any gcc2 internal prototype to avoid an error.  */
#ifdef __cplusplus
extern "C"
#endif
/* We use char because int might match the return type of a gcc2
   builtin and then its argument prototype would still apply.  */
char socket ();
#ifdef F77_DUMMY_MAIN
#  ifdef __cplusplus
     extern "C"
#  endif
   int F77_DUMMY_MAIN() { return 1; }
#endif
int
main ()
{
socket ();
  ;
  return 0;
}
configure:2101: result: no
configure:2113: checking for socket in -lsocket
configure:2146: gcc -o conftest -g -O2   conftest.c -lsocket   >&5
/usr/lib/gcc/x86_64-pc-linux-gnu/4.1.2/../../../../x86_64-pc-linux-gnu/bin/ld: cannot find -lsocket
collect2: ld returned 1 exit status
configure:2149: $? = 1
configure: failed program was:
#line 2120 "configure"
#include "confdefs.h"

/* Override any gcc2 internal prototype to avoid an error.  */
#ifdef __cplusplus
extern "C"
#endif
/* We use char because int might match the return type of a gcc2
   builtin and then its argument prototype would still apply.  */
char socket ();
#ifdef F77_DUMMY_MAIN
#  ifdef __cplusplus
     extern "C"
#  endif
   int F77_DUMMY_MAIN() { return 1; }
#endif
int
main ()
{
socket ();
  ;
  return 0;
}
configure:2166: result: no
configure:2178: checking for inet_aton in -lresolv
configure:2211: gcc -o conftest -g -O2   conftest.c -lresolv   >&5
configure:2214: $? = 0
configure:2217: test -s conftest
configure:2220: $? = 0
configure:2231: result: yes
configure:2248: checking how to run the C preprocessor
configure:2274: gcc -E  conftest.c
configure:2280: $? = 0
configure:2307: gcc -E  conftest.c
configure:2303:28: error: ac_nonexistent.h: No such file or directory
configure:2313: $? = 1
configure: failed program was:
#line 2302 "configure"
#include "confdefs.h"
#include <ac_nonexistent.h>
configure:2350: result: gcc -E
configure:2365: gcc -E  conftest.c
configure:2371: $? = 0
configure:2398: gcc -E  conftest.c
configure:2394:28: error: ac_nonexistent.h: No such file or directory
configure:2404: $? = 1
configure: failed program was:
#line 2393 "configure"
#include "confdefs.h"
#include <ac_nonexistent.h>
configure:2444: checking for ANSI C header files
configure:2458: gcc -E  conftest.c
configure:2464: $? = 0
configure:2551: gcc -o conftest -g -O2   conftest.c -lresolv  >&5
configure: In function 'main':
configure:2542: warning: incompatible implicit declaration of built-in function 'exit'
configure:2554: $? = 0
configure:2556: ./conftest
configure:2559: $? = 0
configure:2573: result: yes
configure:2597: checking for sys/types.h
configure:2610: gcc -c -g -O2  conftest.c >&5
configure:2613: $? = 0
configure:2616: test -s conftest.o
configure:2619: $? = 0
configure:2629: result: yes
configure:2597: checking for sys/stat.h
configure:2610: gcc -c -g -O2  conftest.c >&5
configure:2613: $? = 0
configure:2616: test -s conftest.o
configure:2619: $? = 0
configure:2629: result: yes
configure:2597: checking for stdlib.h
configure:2610: gcc -c -g -O2  conftest.c >&5
configure:2613: $? = 0
configure:2616: test -s conftest.o
configure:2619: $? = 0
configure:2629: result: yes
configure:2597: checking for string.h
configure:2610: gcc -c -g -O2  conftest.c >&5
configure:2613: $? = 0
configure:2616: test -s conftest.o
configure:2619: $? = 0
configure:2629: result: yes
configure:2597: checking for memory.h
configure:2610: gcc -c -g -O2  conftest.c >&5
configure:2613: $? = 0
configure:2616: test -s conftest.o
configure:2619: $? = 0
configure:2629: result: yes
configure:2597: checking for strings.h
configure:2610: gcc -c -g -O2  conftest.c >&5
configure:2613: $? = 0
configure:2616: test -s conftest.o
configure:2619: $? = 0
configure:2629: result: yes
configure:2597: checking for inttypes.h
configure:2610: gcc -c -g -O2  conftest.c >&5
configure:2613: $? = 0
configure:2616: test -s conftest.o
configure:2619: $? = 0
configure:2629: result: yes
configure:2597: checking for stdint.h
configure:2610: gcc -c -g -O2  conftest.c >&5
configure:2613: $? = 0
configure:2616: test -s conftest.o
configure:2619: $? = 0
configure:2629: result: yes
configure:2597: checking for unistd.h
configure:2610: gcc -c -g -O2  conftest.c >&5
configure:2613: $? = 0
configure:2616: test -s conftest.o
configure:2619: $? = 0
configure:2629: result: yes
configure:2655: checking sys/time.h usability
configure:2664: gcc -c -g -O2  conftest.c >&5
configure:2667: $? = 0
configure:2670: test -s conftest.o
configure:2673: $? = 0
configure:2682: result: yes
configure:2686: checking sys/time.h presence
configure:2693: gcc -E  conftest.c
configure:2699: $? = 0
configure:2717: result: yes
configure:2735: checking for sys/time.h
configure:2742: result: yes
configure:2760: checking for stdint.h
configure:2765: result: yes
configure:2870: checking for uint8_t
configure:2897: gcc -c -g -O2  conftest.c >&5
configure:2900: $? = 0
configure:2903: test -s conftest.o
configure:2906: $? = 0
configure:2916: result: yes
configure:2981: checking for uint16_t
configure:3008: gcc -c -g -O2  conftest.c >&5
configure:3011: $? = 0
configure:3014: test -s conftest.o
configure:3017: $? = 0
configure:3027: result: yes
configure:3092: checking for uint32_t
configure:3119: gcc -c -g -O2  conftest.c >&5
configure:3122: $? = 0
configure:3125: test -s conftest.o
configure:3128: $? = 0
configure:3138: result: yes
configure:3205: checking for gcc option to accept ANSI C
configure:3268: gcc  -c -g -O2  conftest.c >&5
configure:3271: $? = 0
configure:3274: test -s conftest.o
configure:3277: $? = 0
configure:3294: result: none needed
configure:3302: checking for an ANSI C-conforming const
configure:3372: gcc -c -g -O2  conftest.c >&5
configure:3375: $? = 0
configure:3378: test -s conftest.o
configure:3381: $? = 0
configure:3391: result: yes
configure:3401: checking whether time.h and sys/time.h may both be included
configure:3429: gcc -c -g -O2  conftest.c >&5
configure:3432: $? = 0
configure:3435: test -s conftest.o
configure:3438: $? = 0
configure:3448: result: yes
configure:3465: checking for snprintf
configure:3508: gcc -o conftest -g -O2   conftest.c -lresolv  >&5
configure:3480: warning: conflicting types for built-in function 'snprintf'
configure:3511: $? = 0
configure:3514: test -s conftest
configure:3517: $? = 0
configure:3527: result: yes
configure:3465: checking for inet_aton
configure:3508: gcc -o conftest -g -O2   conftest.c -lresolv  >&5
configure:3511: $? = 0
configure:3514: test -s conftest
configure:3517: $? = 0
configure:3527: result: yes
configure:3465: checking for socket
configure:3508: gcc -o conftest -g -O2   conftest.c -lresolv  >&5
configure:3511: $? = 0
configure:3514: test -s conftest
configure:3517: $? = 0
configure:3527: result: yes
configure:3544: checking build system type
configure:3562: result: x86_64-unknown-linux-gnu
configure:3570: checking host system type
configure:3584: result: x86_64-unknown-linux-gnu
configure:3592: checking target system type
configure:3606: result: x86_64-unknown-linux-gnu
configure:3752: creating ./config.status

## ---------------------- ##
## Running config.status. ##
## ---------------------- ##

This file was extended by config.status, which was
generated by GNU Autoconf 2.53.  Invocation command line was

  CONFIG_FILES    = 
  CONFIG_HEADERS  = 
  CONFIG_LINKS    = 
  CONFIG_COMMANDS = 
  $ ./config.status 

on firenice2

config.status:572: creating Makefile

## ---------------- ##
## Cache variables. ##
## ---------------- ##

ac_cv_build=x86_64-unknown-linux-gnu
ac_cv_build_alias=x86_64-unknown-linux-gnu
ac_cv_c_compiler_gnu=yes
ac_cv_c_const=yes
ac_cv_env_CC_set=
ac_cv_env_CC_value=
ac_cv_env_CFLAGS_set=
ac_cv_env_CFLAGS_value=
ac_cv_env_CPPFLAGS_set=
ac_cv_env_CPPFLAGS_value=
ac_cv_env_CPP_set=
ac_cv_env_CPP_value=
ac_cv_env_LDFLAGS_set=
ac_cv_env_LDFLAGS_value=
ac_cv_env_build_alias_set=
ac_cv_env_build_alias_value=
ac_cv_env_host_alias_set=
ac_cv_env_host_alias_value=
ac_cv_env_target_alias_set=
ac_cv_env_target_alias_value=
ac_cv_exeext=
ac_cv_func_inet_aton=yes
ac_cv_func_snprintf=yes
ac_cv_func_socket=yes
ac_cv_header_inttypes_h=yes
ac_cv_header_memory_h=yes
ac_cv_header_stdc=yes
ac_cv_header_stdint_h=yes
ac_cv_header_stdlib_h=yes
ac_cv_header_string_h=yes
ac_cv_header_strings_h=yes
ac_cv_header_sys_stat_h=yes
ac_cv_header_sys_time_h=yes
ac_cv_header_sys_types_h=yes
ac_cv_header_time=yes
ac_cv_header_unistd_h=yes
ac_cv_host=x86_64-unknown-linux-gnu
ac_cv_host_alias=x86_64-unknown-linux-gnu
ac_cv_lib_resolv_inet_aton=yes
ac_cv_lib_socket_socket=no
ac_cv_lib_xnet_socket=no
ac_cv_objext=o
ac_cv_path_install='/usr/bin/install -c'
ac_cv_prog_CPP='gcc -E'
ac_cv_prog_ac_ct_CC=gcc
ac_cv_prog_cc_g=yes
ac_cv_prog_cc_stdc=
ac_cv_target=x86_64-unknown-linux-gnu
ac_cv_target_alias=x86_64-unknown-linux-gnu
ac_cv_type_uint16_t=yes
ac_cv_type_uint32_t=yes
ac_cv_type_uint8_t=yes

## ----------- ##
## confdefs.h. ##
## ----------- ##

#define PACKAGE_NAME ""
#define PACKAGE_TARNAME ""
#define PACKAGE_VERSION ""
#define PACKAGE_STRING ""
#define PACKAGE_BUGREPORT ""
#define HAVE_LIBRESOLV 1
#define STDC_HEADERS 1
#define HAVE_SYS_TYPES_H 1
#define HAVE_SYS_STAT_H 1
#define HAVE_STDLIB_H 1
#define HAVE_STRING_H 1
#define HAVE_MEMORY_H 1
#define HAVE_STRINGS_H 1
#define HAVE_INTTYPES_H 1
#define HAVE_STDINT_H 1
#define HAVE_UNISTD_H 1
#define HAVE_SYS_TIME_H 1
#define HAVE_STDINT_H 1
#define my_uint8_t uint8_t
#define my_uint16_t uint16_t
#define my_uint32_t uint32_t
#define TIME_WITH_SYS_TIME 1
#define HAVE_SNPRINTF 1
#define HAVE_INET_ATON 1
#define HAVE_SOCKET 1
#define UNIX 1

configure: exit 0
